<?xml version="1.0" encoding="UTF-8"?>
<!-- Generated by org.testng.reporters.JUnitReportReporter -->
<testsuite hostname="vineet-pc" name="com.hellofresh.challenges.Tests.WebTest" tests="1" failures="0" timestamp="7 Jul 2018 18:58:49 GMT" time="24.245" errors="0">
  <testcase name="signInTest" time="24.245" classname="com.hellofresh.challenges.Tests.WebTest"/>
</testsuite> <!-- com.hellofresh.challenges.Tests.WebTest -->
